0.013627	-218.113617	-285.859100	-26.151564	
0.013642	-217.193619	-284.945587	-27.189325	
0.013639	-216.273621	-285.859100	-26.151564	
0.013624	-217.193619	-285.859100	-25.113806	
0.013637	-216.273621	-284.945587	-26.151564	
0.013633	-216.273621	-284.032074	-25.113806	
0.013634	-216.273621	-286.772614	-26.151564	
0.013634	-216.273621	-284.945587	-26.151564	
0.013641	-217.193619	-284.032074	-25.113806	
0.013665	-217.193619	-285.859100	-27.189325	
0.013633	-217.193619	-285.859100	-26.151564	
0.013668	-218.113617	-285.859100	-26.151564	
0.013637	-216.273621	-284.945587	-26.151564	
0.013632	-217.193619	-284.032074	-27.189325	
0.013967	-217.193619	-284.945587	-27.189325	
0.013627	-216.273621	-285.859100	-26.151564	
0.013671	-217.193619	-285.859100	-26.151564	
0.013934	-215.353622	-284.945587	-25.113806	
0.013629	-218.113617	-285.859100	-25.113806	
0.013636	-217.193619	-284.945587	-26.151564	
0.013632	-218.113617	-285.859100	-27.189325	
0.013627	-217.193619	-284.945587	-25.113806	
0.013652	-218.113617	-284.945587	-26.151564	
0.013635	-218.113617	-284.945587	-26.151564	
0.013637	-216.273621	-285.859100	-26.151564	
0.013672	-217.193619	-285.859100	-25.113806	
0.013800	-217.193619	-284.032074	-26.151564	
0.013635	-216.273621	-286.772614	-27.189325	
0.013633	-216.273621	-285.859100	-26.151564	
0.013635	-217.193619	-285.859100	-26.151564	
0.013635	-218.113617	-284.945587	-25.113806	
0.013636	-216.273621	-284.032074	-26.151564	
0.013634	-217.193619	-285.859100	-27.189325	
0.013655	-217.193619	-284.032074	-25.113806	
0.013641	-218.113617	-285.859100	-25.113806	
0.013631	-216.273621	-284.945587	-27.189325	
0.013657	-217.193619	-285.859100	-27.189325	
0.013641	-217.193619	-285.859100	-27.189325	
0.013639	-217.193619	-285.859100	-27.189325	
0.013623	-217.193619	-285.859100	-25.113806	
0.013635	-218.113617	-285.859100	-27.189325	
0.013659	-216.273621	-284.945587	-26.151564	
0.013639	-217.193619	-285.859100	-26.151564	
0.013636	-216.273621	-285.859100	-26.151564	
0.013642	-216.273621	-284.945587	-26.151564	
0.013629	-217.193619	-285.859100	-26.151564	
0.013631	-217.193619	-285.859100	-26.151564	
0.013643	-217.193619	-284.032074	-25.113806	
0.013640	-217.193619	-284.945587	-26.151564	
0.013660	-217.193619	-286.772614	-27.189325	
0.013634	-216.273621	-285.859100	-26.151564	
0.013632	-217.193619	-285.859100	-26.151564	
0.013675	-217.193619	-284.945587	-26.151564	
0.013722	-215.353622	-284.032074	-25.113806	
0.013626	-218.113617	-285.859100	-26.151564	
0.013640	-216.273621	-284.945587	-26.151564	
0.013629	-217.193619	-284.945587	-26.151564	
0.013653	-218.113617	-284.945587	-26.151564	
0.013634	-216.273621	-284.945587	-25.113806	
0.013636	-217.193619	-284.945587	-25.113806	
0.013659	-218.113617	-284.945587	-26.151564	
0.013630	-217.193619	-286.772614	-27.189325	
0.013635	-217.193619	-284.945587	-26.151564	
0.013671	-217.193619	-286.772614	-27.189325	
0.013632	-217.193619	-284.945587	-26.151564	
0.013631	-217.193619	-285.859100	-25.113806	
0.013641	-216.273621	-285.859100	-27.189325	
0.013639	-216.273621	-285.859100	-26.151564	
0.013654	-217.193619	-284.945587	-27.189325	
0.013635	-216.273621	-284.945587	-25.113806	
0.013637	-217.193619	-285.859100	-26.151564	
0.013640	-217.193619	-285.859100	-26.151564	
0.013625	-217.193619	-285.859100	-26.151564	
0.013640	-218.113617	-284.945587	-26.151564	
0.013636	-217.193619	-285.859100	-26.151564	
0.013632	-217.193619	-285.859100	-27.189325	
0.013634	-216.273621	-286.772614	-27.189325	
0.013648	-217.193619	-285.859100	-27.189325	
0.013629	-216.273621	-286.772614	-26.151564	
0.013637	-216.273621	-284.945587	-25.113806	
0.013791	-217.193619	-284.945587	-25.113806	
0.013631	-217.193619	-284.945587	-26.151564	
0.013629	-216.273621	-284.945587	-25.113806	
0.013637	-217.193619	-286.772614	-26.151564	
0.013667	-217.193619	-285.859100	-26.151564	
0.013639	-216.273621	-285.859100	-27.189325	
0.013631	-217.193619	-285.859100	-27.189325	
0.013658	-215.353622	-284.032074	-26.151564	
0.013638	-217.193619	-285.859100	-26.151564	
0.013632	-216.273621	-284.945587	-27.189325	
0.013635	-217.193619	-285.859100	-25.113806	
0.013702	-216.273621	-283.118530	-26.151564	
0.013722	-218.113617	-285.859100	-25.113806	
0.013632	-218.113617	-285.859100	-27.189325	
0.013628	-217.193619	-284.945587	-26.151564	
0.013660	-216.273621	-285.859100	-26.151564	
0.013666	-217.193619	-284.032074	-25.113806	
0.013640	-217.193619	-286.772614	-27.189325	
0.013638	-216.273621	-285.859100	-26.151564	
0.013638	-217.193619	-285.859100	-26.151564	
0.013660	-216.273621	-285.859100	-26.151564	
0.013637	-217.193619	-284.032074	-25.113806	
0.013639	-218.113617	-286.772614	-27.189325	
0.013661	-217.193619	-285.859100	-25.113806	
0.013749	-216.273621	-285.859100	-26.151564	
0.013908	-217.193619	-286.772614	-25.113806	
0.013638	-217.193619	-284.945587	-26.151564	
0.013637	-217.193619	-285.859100	-26.151564	
0.013651	-216.273621	-284.945587	-26.151564	
0.013687	-216.273621	-284.945587	-27.189325	
0.013638	-217.193619	-285.859100	-26.151564	
0.013639	-217.193619	-284.032074	-27.189325	
0.013621	-217.193619	-286.772614	-26.151564	
0.013657	-216.273621	-284.945587	-26.151564	
0.013635	-217.193619	-285.859100	-25.113806	
0.013631	-217.193619	-285.859100	-27.189325	
0.013670	-216.273621	-285.859100	-26.151564	
0.013636	-218.113617	-285.859100	-26.151564	
0.013647	-216.273621	-286.772614	-26.151564	
0.013656	-218.113617	-286.772614	-26.151564	
0.013657	-217.193619	-284.945587	-26.151564	
0.013735	-216.273621	-285.859100	-27.189325	
0.013768	-216.273621	-284.945587	-26.151564	
0.013749	-217.193619	-284.032074	-26.151564	
0.013630	-216.273621	-285.859100	-26.151564	
0.013681	-217.193619	-285.859100	-25.113806	
0.013695	-219.033615	-286.772614	-26.151564	
0.013633	-216.273621	-284.945587	-25.113806	
0.013654	-216.273621	-285.859100	-27.189325	
0.013671	-217.193619	-285.859100	-26.151564	
0.013675	-217.193619	-285.859100	-26.151564	
0.013711	-217.193619	-284.032074	-26.151564	
0.013801	-217.193619	-284.945587	-26.151564	
0.013995	-218.113617	-284.945587	-26.151564	
0.014138	-216.273621	-284.032074	-26.151564	
0.013660	-216.273621	-284.032074	-25.113806	
0.013647	-217.193619	-284.945587	-26.151564	
0.013670	-218.113617	-285.859100	-26.151564	
0.013642	-217.193619	-284.945587	-26.151564	
0.013651	-217.193619	-285.859100	-26.151564	
0.013642	-216.273621	-284.945587	-27.189325	
0.013634	-217.193619	-286.772614	-25.113806	
0.013647	-217.193619	-284.945587	-25.113806	
0.013643	-216.273621	-285.859100	-26.151564	
0.013639	-216.273621	-284.032074	-26.151564	
0.013677	-217.193619	-286.772614	-26.151564	
0.013642	-218.113617	-284.945587	-25.113806	
0.013650	-217.193619	-284.945587	-26.151564	
0.013632	-217.193619	-285.859100	-26.151564	
0.013638	-217.193619	-284.945587	-27.189325	
0.013644	-217.193619	-286.772614	-25.113806	
0.013638	-217.193619	-284.945587	-26.151564	
0.013666	-216.273621	-285.859100	-26.151564	
0.013730	-217.193619	-285.859100	-26.151564	
0.013645	-216.273621	-285.859100	-25.113806	
0.013629	-217.193619	-286.772614	-27.189325	
0.013640	-217.193619	-284.945587	-26.151564	
0.013636	-217.193619	-284.945587	-27.189325	
0.013639	-217.193619	-286.772614	-25.113806	
0.013855	-216.273621	-284.945587	-27.189325	
0.013639	-218.113617	-285.859100	-26.151564	
0.013665	-218.113617	-284.032074	-26.151564	
0.013635	-216.273621	-286.772614	-26.151564	
0.013637	-217.193619	-284.032074	-26.151564	
0.013637	-217.193619	-285.859100	-26.151564	
0.013658	-217.193619	-285.859100	-26.151564	
0.013708	-217.193619	-284.945587	-26.151564	
0.013666	-217.193619	-285.859100	-26.151564	
0.013635	-218.113617	-285.859100	-26.151564	
0.013632	-217.193619	-284.945587	-27.189325	
0.013636	-216.273621	-285.859100	-26.151564	
0.013658	-216.273621	-285.859100	-26.151564	
0.013702	-217.193619	-285.859100	-25.113806	
0.013640	-218.113617	-284.945587	-26.151564	
0.013646	-217.193619	-285.859100	-25.113806	
0.013640	-216.273621	-284.945587	-27.189325	
0.013637	-216.273621	-285.859100	-26.151564	
0.013640	-215.353622	-285.859100	-26.151564	
0.013653	-217.193619	-284.945587	-25.113806	
0.013664	-217.193619	-284.032074	-26.151564	
0.013641	-217.193619	-285.859100	-26.151564	
0.013641	-216.273621	-286.772614	-26.151564	
0.013641	-217.193619	-285.859100	-26.151564	
0.013648	-218.113617	-285.859100	-27.189325	
0.013674	-217.193619	-286.772614	-26.151564	
0.013692	-216.273621	-285.859100	-26.151564	
0.013633	-217.193619	-285.859100	-26.151564	
0.013674	-216.273621	-284.945587	-26.151564	
0.013639	-216.273621	-284.945587	-26.151564	
0.013667	-216.273621	-286.772614	-26.151564	
0.013650	-216.273621	-284.945587	-26.151564	
0.013633	-217.193619	-285.859100	-25.113806	
0.013634	-216.273621	-285.859100	-26.151564	
0.013753	-217.193619	-284.945587	-27.189325	
0.013640	-217.193619	-284.945587	-27.189325	
0.013637	-216.273621	-285.859100	-26.151564	
0.013637	-218.113617	-285.859100	-26.151564	
0.013639	-217.193619	-284.032074	-26.151564	
0.013653	-217.193619	-286.772614	-27.189325	
0.013634	-216.273621	-284.945587	-26.151564	
0.013648	-216.273621	-285.859100	-26.151564	
0.013662	-217.193619	-284.945587	-26.151564	
0.013676	-217.193619	-286.772614	-26.151564	
0.013632	-217.193619	-284.032074	-26.151564	
0.013750	-218.113617	-286.772614	-25.113806	
0.013667	-216.273621	-284.945587	-26.151564	
0.013669	-216.273621	-285.859100	-26.151564	
0.013637	-217.193619	-284.945587	-26.151564	
0.013641	-217.193619	-284.945587	-27.189325	
0.013662	-217.193619	-286.772614	-26.151564	
0.013662	-217.193619	-284.945587	-25.113806	
0.013660	-217.193619	-285.859100	-26.151564	
0.013690	-218.113617	-284.945587	-26.151564	
0.013637	-217.193619	-284.945587	-25.113806	
0.013635	-217.193619	-285.859100	-25.113806	
0.013640	-217.193619	-284.945587	-26.151564	
0.013666	-217.193619	-285.859100	-26.151564	
0.013636	-216.273621	-284.945587	-25.113806	
0.013634	-216.273621	-285.859100	-26.151564	
0.013661	-217.193619	-284.945587	-26.151564	
0.013688	-217.193619	-285.859100	-26.151564	
0.013651	-217.193619	-285.859100	-26.151564	
0.013669	-216.273621	-284.945587	-25.113806	
0.013672	-217.193619	-285.859100	-26.151564	
0.013638	-218.113617	-284.032074	-27.189325	
0.013655	-218.113617	-286.772614	-26.151564	
0.013665	-216.273621	-284.032074	-26.151564	
0.013686	-217.193619	-285.859100	-27.189325	
0.013636	-217.193619	-284.032074	-25.113806	
0.013681	-216.273621	-285.859100	-26.151564	
0.013701	-216.273621	-284.945587	-25.113806	
0.013634	-217.193619	-285.859100	-26.151564	
0.013676	-216.273621	-286.772614	-26.151564	
0.013693	-217.193619	-286.772614	-26.151564	
0.013663	-217.193619	-285.859100	-25.113806	
0.013668	-217.193619	-284.945587	-26.151564	
0.013739	-217.193619	-285.859100	-26.151564	
0.013632	-215.353622	-284.945587	-26.151564	
0.013729	-217.193619	-285.859100	-27.189325	
0.013654	-216.273621	-284.945587	-25.113806	
0.013666	-217.193619	-286.772614	-26.151564	
0.013658	-218.113617	-284.032074	-26.151564	
0.013639	-217.193619	-286.772614	-26.151564	
0.013634	-218.113617	-286.772614	-26.151564	
0.013695	-217.193619	-286.772614	-25.113806	
0.013640	-216.273621	-286.772614	-27.189325	
0.013663	-217.193619	-284.945587	-26.151564	
0.013664	-216.273621	-285.859100	-26.151564	
0.013633	-217.193619	-285.859100	-26.151564	
0.013668	-217.193619	-284.945587	-27.189325	
0.013663	-217.193619	-284.032074	-26.151564	
0.013636	-217.193619	-284.032074	-26.151564	
0.013662	-218.113617	-286.772614	-27.189325	
0.013655	-216.273621	-284.945587	-26.151564	
0.013641	-217.193619	-285.859100	-26.151564	
0.013661	-216.273621	-285.859100	-26.151564	
0.013640	-217.193619	-285.859100	-26.151564	
0.013660	-216.273621	-285.859100	-26.151564	
0.013938	-216.273621	-285.859100	-26.151564	
0.013627	-217.193619	-284.945587	-27.189325	
0.013631	-217.193619	-284.032074	-26.151564	
0.013667	-217.193619	-285.859100	-25.113806	
0.013828	-218.113617	-284.945587	-26.151564	
0.013628	-216.273621	-285.859100	-26.151564	
0.013653	-217.193619	-284.945587	-26.151564	
0.013665	-218.113617	-286.772614	-27.189325	
0.013637	-217.193619	-285.859100	-26.151564	
0.013647	-217.193619	-285.859100	-26.151564	
0.013642	-217.193619	-284.945587	-27.189325	
0.013661	-216.273621	-284.945587	-26.151564	
0.013661	-216.273621	-285.859100	-26.151564	
0.013632	-216.273621	-284.945587	-27.189325	
0.013664	-216.273621	-285.859100	-26.151564	
0.013659	-218.113617	-285.859100	-25.113806	
0.013643	-216.273621	-286.772614	-25.113806	
0.013635	-216.273621	-285.859100	-26.151564	
0.013633	-217.193619	-285.859100	-27.189325	
0.013635	-217.193619	-284.945587	-26.151564	
0.013636	-216.273621	-284.945587	-26.151564	
0.013642	-218.113617	-285.859100	-26.151564	
0.013646	-216.273621	-285.859100	-26.151564	
0.013694	-217.193619	-284.945587	-26.151564	
0.013631	-216.273621	-285.859100	-25.113806	
0.013678	-217.193619	-285.859100	-27.189325	
0.013657	-217.193619	-286.772614	-26.151564	
0.013631	-217.193619	-285.859100	-26.151564	
0.013636	-216.273621	-284.945587	-25.113806	
0.013696	-217.193619	-284.945587	-26.151564	
0.013637	-218.113617	-285.859100	-26.151564	
0.013660	-217.193619	-284.945587	-25.113806	
0.013630	-217.193619	-285.859100	-26.151564	
0.013642	-217.193619	-284.945587	-26.151564	
0.013657	-216.273621	-285.859100	-26.151564	
0.013632	-216.273621	-284.945587	-26.151564	
0.013629	-217.193619	-285.859100	-26.151564	
0.013635	-217.193619	-286.772614	-27.189325	
0.013668	-217.193619	-284.945587	-26.151564	
0.013670	-217.193619	-285.859100	-26.151564	
0.013637	-217.193619	-285.859100	-27.189325	
0.013650	-216.273621	-285.859100	-26.151564	
0.013696	-217.193619	-284.945587	-25.113806	
0.013644	-217.193619	-285.859100	-26.151564	
0.013635	-217.193619	-284.945587	-25.113806	
0.013647	-216.273621	-285.859100	-26.151564	
0.013631	-217.193619	-284.032074	-26.151564	
0.013644	-216.273621	-285.859100	-27.189325	
0.013878	-218.113617	-284.945587	-26.151564	
0.013656	-216.273621	-284.032074	-27.189325	
0.013667	-216.273621	-285.859100	-25.113806	
0.013642	-216.273621	-285.859100	-25.113806	
0.013642	-216.273621	-286.772614	-27.189325	
0.013634	-216.273621	-284.945587	-26.151564	
0.013623	-216.273621	-284.032074	-26.151564	
0.013691	-216.273621	-286.772614	-26.151564	
0.013635	-217.193619	-284.945587	-27.189325	
0.013629	-216.273621	-284.945587	-26.151564	
0.013641	-216.273621	-284.032074	-26.151564	
0.013652	-217.193619	-285.859100	-26.151564	
0.013666	-216.273621	-284.945587	-27.189325	
0.013643	-217.193619	-285.859100	-26.151564	
0.013649	-217.193619	-285.859100	-26.151564	
0.013639	-215.353622	-284.945587	-25.113806	
0.013712	-217.193619	-285.859100	-26.151564	
0.013630	-217.193619	-284.945587	-27.189325	
0.013671	-217.193619	-286.772614	-25.113806	
0.013633	-217.193619	-284.945587	-27.189325	
0.013652	-217.193619	-284.945587	-27.189325	
0.013649	-217.193619	-285.859100	-26.151564	
0.013635	-217.193619	-284.945587	-26.151564	
0.013649	-217.193619	-285.859100	-26.151564	
0.013673	-217.193619	-285.859100	-26.151564	
0.013660	-217.193619	-284.945587	-26.151564	
0.013663	-216.273621	-285.859100	-26.151564	
0.013644	-218.113617	-284.945587	-26.151564	
0.013655	-218.113617	-285.859100	-26.151564	
0.013642	-216.273621	-285.859100	-26.151564	
0.013638	-217.193619	-285.859100	-27.189325	
0.013637	-215.353622	-284.945587	-27.189325	
0.013664	-216.273621	-284.945587	-26.151564	
0.013634	-217.193619	-286.772614	-26.151564	
0.013662	-216.273621	-284.032074	-26.151564	
0.013648	-217.193619	-284.945587	-26.151564	
0.013637	-217.193619	-285.859100	-26.151564	
0.013734	-217.193619	-284.945587	-25.113806	
0.013630	-217.193619	-284.945587	-26.151564	
0.013644	-217.193619	-284.945587	-25.113806	
0.013635	-217.193619	-285.859100	-26.151564	
0.013668	-217.193619	-284.945587	-26.151564	
0.013657	-216.273621	-284.945587	-27.189325	
0.013633	-217.193619	-286.772614	-26.151564	
0.013637	-217.193619	-285.859100	-26.151564	
0.013657	-217.193619	-286.772614	-27.189325	
0.013631	-217.193619	-284.945587	-26.151564	
0.013635	-218.113617	-284.945587	-26.151564	
0.013665	-216.273621	-284.945587	-26.151564	
0.013652	-217.193619	-284.945587	-26.151564	
0.013651	-217.193619	-286.772614	-25.113806	
0.013636	-217.193619	-284.945587	-26.151564	
0.013641	-217.193619	-284.945587	-25.113806	
0.013657	-217.193619	-285.859100	-26.151564	
0.013637	-216.273621	-285.859100	-27.189325	
0.013696	-216.273621	-285.859100	-26.151564	
0.013644	-217.193619	-284.945587	-26.151564	
0.013634	-217.193619	-284.945587	-26.151564	
0.013699	-218.113617	-284.945587	-26.151564	
0.013642	-217.193619	-284.032074	-26.151564	
0.013652	-217.193619	-285.859100	-26.151564	
0.013651	-216.273621	-284.945587	-26.151564	
0.013663	-217.193619	-285.859100	-27.189325	
0.013638	-217.193619	-285.859100	-26.151564	
0.013666	-216.273621	-285.859100	-27.189325	
0.013638	-217.193619	-285.859100	-27.189325	
0.013661	-217.193619	-284.945587	-26.151564	
0.013633	-217.193619	-284.945587	-27.189325	
0.013646	-217.193619	-284.945587	-25.113806	
0.013667	-216.273621	-286.772614	-27.189325	
0.013666	-217.193619	-284.945587	-26.151564	
0.013642	-217.193619	-285.859100	-27.189325	
0.013628	-217.193619	-285.859100	-25.113806	
0.013634	-216.273621	-284.032074	-27.189325	
0.013685	-217.193619	-285.859100	-26.151564	
0.013656	-216.273621	-285.859100	-26.151564	
0.013632	-217.193619	-284.945587	-25.113806	
0.013672	-216.273621	-284.945587	-25.113806	
0.013634	-216.273621	-285.859100	-26.151564	
0.013629	-216.273621	-286.772614	-26.151564	
0.013646	-217.193619	-284.945587	-27.189325	
0.013637	-218.113617	-286.772614	-25.113806	
0.013933	-217.193619	-284.945587	-26.151564	
0.013647	-217.193619	-286.772614	-26.151564	
0.013641	-218.113617	-284.945587	-25.113806	
0.013657	-217.193619	-284.945587	-26.151564	
0.013658	-217.193619	-284.945587	-25.113806	
0.013666	-216.273621	-285.859100	-26.151564	
0.013665	-216.273621	-284.945587	-25.113806	
0.013630	-216.273621	-284.945587	-27.189325	
0.013702	-217.193619	-286.772614	-26.151564	
0.013632	-216.273621	-284.945587	-25.113806	
0.013635	-217.193619	-285.859100	-26.151564	
0.013659	-216.273621	-285.859100	-26.151564	
0.013642	-217.193619	-285.859100	-28.227085	
0.013630	-217.193619	-284.945587	-26.151564	
0.013646	-218.113617	-286.772614	-26.151564	
0.013643	-216.273621	-284.945587	-26.151564	
0.013717	-217.193619	-285.859100	-27.189325	
0.013650	-218.113617	-285.859100	-26.151564	
0.013655	-218.113617	-284.945587	-26.151564	
0.013666	-217.193619	-284.945587	-27.189325	
0.013665	-217.193619	-285.859100	-26.151564	
0.013635	-216.273621	-285.859100	-27.189325	
0.013636	-217.193619	-285.859100	-26.151564	
0.013668	-216.273621	-284.945587	-25.113806	
0.013632	-217.193619	-284.945587	-27.189325	
0.013672	-216.273621	-285.859100	-26.151564	
0.013650	-217.193619	-285.859100	-26.151564	
0.013637	-218.113617	-284.945587	-27.189325	
0.013642	-217.193619	-285.859100	-27.189325	
0.013679	-216.273621	-284.945587	-26.151564	
0.013655	-216.273621	-285.859100	-26.151564	
0.013633	-217.193619	-284.945587	-27.189325	
0.013637	-216.273621	-284.945587	-26.151564	
0.013716	-217.193619	-285.859100	-27.189325	
0.013636	-217.193619	-285.859100	-25.113806	
0.013670	-217.193619	-286.772614	-25.113806	
0.013634	-217.193619	-284.945587	-27.189325	
0.013625	-218.113617	-285.859100	-26.151564	
0.013636	-217.193619	-285.859100	-25.113806	
0.013633	-217.193619	-284.945587	-26.151564	
0.013729	-217.193619	-284.945587	-25.113806	
0.013759	-216.273621	-285.859100	-27.189325	
0.013768	-216.273621	-285.859100	-26.151564	
0.013808	-217.193619	-285.859100	-26.151564	
0.014026	-217.193619	-284.032074	-27.189325	
0.013778	-217.193619	-285.859100	-26.151564	
0.013938	-216.273621	-285.859100	-25.113806	
0.013768	-215.353622	-284.032074	-26.151564	
0.014049	-217.193619	-284.945587	-26.151564	
0.014009	-218.113617	-285.859100	-27.189325	
0.013942	-218.113617	-285.859100	-26.151564	
0.014245	-217.193619	-284.945587	-26.151564	
0.013935	-217.193619	-285.859100	-27.189325	
0.013627	-217.193619	-285.859100	-26.151564	
0.013629	-217.193619	-284.945587	-26.151564	
0.013631	-217.193619	-287.686157	-27.189325	
0.013632	-217.193619	-284.945587	-27.189325	
0.013638	-217.193619	-285.859100	-27.189325	
0.013655	-216.273621	-284.032074	-25.113806	
0.013627	-217.193619	-285.859100	-26.151564	
0.013635	-217.193619	-285.859100	-26.151564	
0.013640	-216.273621	-284.945587	-26.151564	
0.013624	-218.113617	-285.859100	-26.151564	
0.013638	-217.193619	-284.945587	-26.151564	
0.013634	-218.113617	-284.945587	-26.151564	
0.013648	-217.193619	-284.945587	-27.189325	
0.013648	-216.273621	-285.859100	-27.189325	
0.013635	-217.193619	-284.945587	-26.151564	
0.013633	-216.273621	-284.945587	-27.189325	
0.013638	-216.273621	-285.859100	-27.189325	
0.013633	-218.113617	-285.859100	-27.189325	
0.013633	-216.273621	-284.945587	-26.151564	
0.013631	-217.193619	-285.859100	-26.151564	
0.013635	-217.193619	-284.945587	-26.151564	
0.013640	-217.193619	-284.032074	-26.151564	
0.013680	-217.193619	-284.032074	-26.151564	
0.013635	-218.113617	-285.859100	-26.151564	
0.013631	-217.193619	-286.772614	-27.189325	
0.013631	-217.193619	-284.945587	-26.151564	
0.013630	-217.193619	-286.772614	-25.113806	
0.013632	-217.193619	-284.945587	-27.189325	
0.013637	-216.273621	-284.945587	-25.113806	
0.013640	-218.113617	-286.772614	-26.151564	
0.013635	-217.193619	-284.945587	-26.151564	
0.013630	-216.273621	-285.859100	-27.189325	
0.013658	-217.193619	-284.945587	-26.151564	
0.013632	-217.193619	-285.859100	-26.151564	
0.013630	-217.193619	-284.945587	-26.151564	
0.013638	-217.193619	-284.032074	-26.151564	
0.013645	-217.193619	-284.945587	-26.151564	
0.013638	-218.113617	-285.859100	-26.151564	
0.013624	-217.193619	-284.945587	-26.151564	
0.013636	-216.273621	-285.859100	-26.151564	
0.013668	-217.193619	-286.772614	-26.151564	
0.013628	-216.273621	-285.859100	-26.151564	
0.013632	-216.273621	-285.859100	-26.151564	
0.013656	-217.193619	-286.772614	-26.151564	
0.013635	-217.193619	-285.859100	-28.227085	
0.013634	-217.193619	-282.205017	-27.189325	
0.013635	-217.193619	-285.859100	-26.151564	
0.013630	-217.193619	-286.772614	-26.151564	
0.013657	-217.193619	-284.032074	-26.151564	
0.013639	-217.193619	-284.032074	-26.151564	
0.013639	-217.193619	-286.772614	-26.151564	
0.013636	-217.193619	-286.772614	-26.151564	
0.013632	-217.193619	-284.945587	-25.113806	
0.013628	-217.193619	-284.945587	-27.189325	
0.013630	-217.193619	-284.945587	-26.151564	
0.013635	-217.193619	-286.772614	-26.151564	
0.013642	-217.193619	-285.859100	-26.151564	
0.013665	-217.193619	-284.945587	-26.151564	
0.014368	-217.193619	-285.859100	-27.189325	
0.013630	-216.273621	-284.945587	-26.151564	
0.013634	-217.193619	-286.772614	-25.113806	
0.013631	-217.193619	-284.945587	-26.151564	
0.013630	-216.273621	-285.859100	-26.151564	
0.013630	-217.193619	-284.945587	-27.189325	
0.013654	-216.273621	-284.945587	-26.151564	
0.013670	-216.273621	-285.859100	-26.151564	
0.013634	-216.273621	-285.859100	-26.151564	
0.013669	-217.193619	-286.772614	-27.189325	
0.013641	-217.193619	-284.945587	-26.151564	
0.013670	-217.193619	-285.859100	-26.151564	
0.013669	-217.193619	-285.859100	-26.151564	
0.013630	-218.113617	-286.772614	-27.189325	
0.013678	-217.193619	-285.859100	-27.189325	
0.013657	-216.273621	-284.032074	-25.113806	
0.013637	-218.113617	-285.859100	-25.113806	
0.013654	-217.193619	-284.032074	-26.151564	
0.013632	-217.193619	-285.859100	-27.189325	
0.013633	-216.273621	-284.945587	-26.151564	
0.013661	-217.193619	-284.945587	-27.189325	
0.013634	-218.113617	-286.772614	-25.113806	
0.013680	-216.273621	-284.945587	-26.151564	
0.013797	-217.193619	-285.859100	-27.189325	
0.013632	-218.113617	-285.859100	-26.151564	
0.013684	-217.193619	-284.945587	-27.189325	
0.013687	-217.193619	-285.859100	-27.189325	
0.013636	-216.273621	-286.772614	-27.189325	
0.013691	-216.273621	-285.859100	-26.151564	
0.013636	-218.113617	-285.859100	-27.189325	
0.013688	-218.113617	-285.859100	-27.189325	
0.013622	-218.113617	-285.859100	-26.151564	
0.013631	-215.353622	-285.859100	-26.151564	
0.013659	-218.113617	-285.859100	-26.151564	
0.013633	-217.193619	-285.859100	-25.113806	
0.013666	-216.273621	-284.032074	-25.113806	
0.013653	-216.273621	-284.945587	-26.151564	
0.013680	-216.273621	-284.945587	-26.151564	
0.013663	-217.193619	-285.859100	-26.151564	
0.013715	-217.193619	-284.945587	-25.113806	
0.013632	-217.193619	-285.859100	-27.189325	
0.013657	-217.193619	-284.945587	-26.151564	
0.013659	-217.193619	-284.945587	-26.151564	
0.013634	-217.193619	-284.945587	-27.189325	
0.013667	-217.193619	-285.859100	-28.227085	
0.013630	-216.273621	-284.945587	-26.151564	
0.013688	-216.273621	-285.859100	-25.113806	
0.013637	-217.193619	-284.945587	-26.151564	
0.013639	-218.113617	-284.945587	-26.151564	
0.013683	-217.193619	-284.945587	-27.189325	
0.013638	-217.193619	-285.859100	-27.189325	
0.013630	-218.113617	-284.032074	-25.113806	
0.013648	-217.193619	-286.772614	-27.189325	
0.013631	-217.193619	-284.945587	-25.113806	
0.013665	-217.193619	-284.945587	-26.151564	
0.013689	-217.193619	-284.032074	-26.151564	
0.013626	-218.113617	-285.859100	-26.151564	
0.013662	-217.193619	-285.859100	-27.189325	
0.013646	-218.113617	-285.859100	-26.151564	
0.013632	-217.193619	-285.859100	-26.151564	
0.013685	-216.273621	-286.772614	-26.151564	
0.013643	-217.193619	-285.859100	-26.151564	
0.013689	-217.193619	-284.945587	-26.151564	
0.013662	-217.193619	-285.859100	-27.189325	
0.013666	-218.113617	-284.945587	-26.151564	
0.013684	-217.193619	-284.945587	-26.151564	
0.013635	-217.193619	-284.032074	-26.151564	
0.013631	-216.273621	-283.118530	-26.151564	
0.013962	-218.113617	-284.945587	-27.189325	
0.013629	-217.193619	-285.859100	-26.151564	
0.013672	-217.193619	-284.945587	-26.151564	
0.013625	-217.193619	-284.945587	-26.151564	
0.013635	-217.193619	-284.945587	-26.151564	
0.013636	-217.193619	-285.859100	-27.189325	
0.013923	-217.193619	-286.772614	-25.113806	
0.013628	-217.193619	-284.945587	-26.151564	
0.013631	-218.113617	-284.945587	-26.151564	
0.013628	-217.193619	-284.945587	-26.151564	
0.013655	-216.273621	-284.032074	-26.151564	
0.013656	-217.193619	-285.859100	-27.189325	
0.013656	-217.193619	-285.859100	-26.151564	
0.013651	-217.193619	-285.859100	-27.189325	
0.013632	-216.273621	-284.945587	-26.151564	
0.013653	-217.193619	-285.859100	-27.189325	
0.013643	-216.273621	-284.945587	-26.151564	
0.013629	-216.273621	-286.772614	-25.113806	
0.013665	-217.193619	-284.945587	-26.151564	
0.013676	-217.193619	-284.945587	-26.151564	
0.013628	-217.193619	-285.859100	-25.113806	
0.013724	-217.193619	-286.772614	-25.113806	
0.013693	-217.193619	-284.945587	-27.189325	
0.013638	-217.193619	-286.772614	-26.151564	
0.013936	-216.273621	-285.859100	-26.151564	
0.013979	-217.193619	-284.945587	-26.151564	
0.013921	-217.193619	-284.945587	-26.151564	
0.013626	-216.273621	-285.859100	-26.151564	
0.013632	-217.193619	-285.859100	-26.151564	
0.013629	-216.273621	-285.859100	-26.151564	
0.013631	-217.193619	-286.772614	-27.189325	
0.013632	-217.193619	-284.945587	-26.151564	
0.013632	-216.273621	-284.945587	-25.113806	
