========
0.003102
0.003088
0.003094
0.003098
0.003089
0.003087
========
0.003124
0.003150
0.003326
0.003392
0.003396
0.003412
0.003390
0.003384
0.003427
0.003397
0.003403
0.003420
0.003391
0.003403
0.003412
0.003403
0.003397
0.003396
========
0.003406
0.003407
0.003387
0.003400
0.003407
0.003440
0.003396
0.003394
0.003400
0.003401
0.003393
0.003396
0.003395
0.003401
0.003390
0.003410
0.003392
0.003405
========
0.003408
0.003408
0.003403
0.003399
0.003393
0.003410
0.003406
0.003399
0.003421
0.003388
0.003404
0.003413
0.003381
0.003390
0.003401
0.003398
0.003430
0.003417
========
0.003401
0.003416
0.003392
0.003404
0.003414
0.003422
0.003406
0.003401
0.003398
0.003393
0.003424
0.003390
0.003424
0.003397
0.003391
0.003404
0.003439
0.003370
========
0.003520
0.003318
0.003364
0.003319
0.003317
0.003454
0.003431
0.003462
0.003437
0.003363
0.003361
0.003426
0.003408
0.003404
0.003473
0.003430
0.003376
0.003373
========
0.003405
0.003372
0.003417
0.003682
0.003400
0.003400
0.003394
0.003366
0.003315
0.003458
0.003441
0.003429
0.003409
0.003410
0.003319
0.003411
0.003416
0.003405
0.003451
========
0.003365
0.003436
0.003410
0.003431
0.003426
0.003399
0.003411
0.003418
0.003408
0.003372
0.003448
0.003438
0.003408
0.003415
0.003369
0.003360
0.003411
========
0.003436
0.003428
0.003411
0.003404
0.003412
0.003368
0.003437
0.003446
0.003430
0.003411
0.003369
0.003456
0.003388
0.003321
0.003360
0.003454
0.003432
0.003403
========
0.003444
0.003434
0.003440
0.003313
0.003370
0.003417
0.003407
0.003403
0.003445
0.003426
0.003420
0.003423
0.003442
0.003371
0.003418
0.003408
0.003403
0.003421
0.003408
========
0.003406
0.003354
0.003434
0.003403
0.003403
0.003322
0.003319
0.003441
0.003429
0.003435
0.003374
0.003443
0.003437
0.003433
0.003443
0.003433
0.003435
0.003466
========
0.003406
0.003321
0.003320
0.003317
0.003440
0.003425
0.003417
0.003436
0.003407
0.003406
0.003424
0.003406
0.003631
0.003815
0.003253
0.003394
0.003381
========
0.003484
0.003390
0.003452
0.003323
0.003409
0.003404
0.003438
0.003318
0.003397
0.003473
0.003227
0.003393
0.003468
0.003368
0.003366
0.003315
0.003346
0.003316
0.003397
========
0.003405
0.003364
0.003315
0.003359
0.003436
0.003428
0.003372
0.003316
0.003322
0.003359
0.003366
0.003356
0.003321
0.003443
0.003366
0.003467
0.003447
0.003439
========
0.003367
0.003404
0.003417
0.003435
0.003409
0.003450
0.003428
0.003414
0.003409
0.003415
0.003414
0.003429
0.003404
0.003317
0.003319
0.003445
0.003371
0.003442
========
0.003451
0.003406
0.003375
0.003372
0.003382
0.003426
0.003415
0.003430
0.003407
0.003369
0.003360
0.003318
0.003456
0.003471
0.003478
0.003259
0.003390
0.003393
========
0.003443
0.003403
0.003461
0.003373
0.003318
0.003432
0.003407
0.003456
0.003451
0.003429
0.003406
0.003429
0.003359
0.003317
0.003468
0.003417
0.003413
0.003434
========
0.003443
0.003427
0.003368
0.003316
0.003363
0.003650
0.003424
0.003405
0.003373
0.003355
0.003400
0.003398
0.003501
0.003245
0.003397
0.003455
0.003409
0.003407
========
0.003328
0.003322
0.003443
0.003430
0.003415
0.003423
0.003434
0.003432
0.003372
0.003364
0.003319
0.003443
0.003433
0.003423
0.003447
0.003426
0.003414
0.003426
========
0.003405
0.003362
0.003319
0.003359
0.003365
0.003442
0.003444
0.003432
0.003435
0.003518
0.003287
0.003363
0.003365
0.003446
0.003435
0.003423
0.003441
0.003586
========
0.003364
0.003361
0.003465
0.003434
0.003444
0.003422
0.003438
0.003424
0.003374
0.003312
0.003435
0.003439
0.003319
0.003358
0.003454
0.003433
0.003416
0.003402
0.003450
========
0.003718
0.003120
0.003519
0.003240
0.003388
0.003383
0.003638
0.003438
0.003429
0.003408
0.003437
0.003543
0.003314
0.003362
0.003331
0.003392
0.003397
0.003413
========
0.003318
0.003453
0.003402
0.003445
0.003408
0.003395
0.003449
0.003279
0.003445
0.003374
0.003412
0.003757
0.003786
0.003435
0.003407
0.003645
0.003413
========
0.003475
0.003320
0.003360
0.003321
0.003339
0.003403
0.003411
0.003397
0.003396
0.003401
0.003319
0.003362
0.003436
0.003432
0.003414
0.003424
0.003408
0.003371
0.003424
========
0.003441
0.003453
0.003432
0.003437
0.003381
0.003440
0.003419
0.003419
0.003633
0.003103
0.003213
0.003391
0.003422
0.003396
0.003398
0.003419
0.003317
0.003369
========
0.003442
0.003362
0.003315
0.003364
0.003320
0.003465
0.003453
0.003439
0.003444
0.003435
0.003435
0.003456
0.003409
0.003403
0.003417
0.003375
0.003316
0.003444
========
0.003476
0.003429
0.003460
0.003476
0.003439
0.003435
0.003570
0.003465
0.003461
0.003575
0.003330
0.003477
0.003413
0.003422
0.003429
0.003416
0.003482
========
0.003545
0.003458
0.003476
0.003482
0.003480
0.003476
0.003496
0.003482
0.003476
0.003490
0.003530
0.003451
0.003466
0.003559
0.003555
0.003443
0.003457
0.003483
========
0.003544
0.003455
0.003522
0.003496
0.003449
0.003514
0.003545
0.003498
0.003722
0.003282
0.003523
0.003526
0.003562
0.003855
0.003165
0.003407
0.003581
0.003463
========
0.003407
0.003452
0.003408
0.003404
0.003396
0.003397
0.003400
0.003405
0.003441
0.003316
0.003467
0.003404
0.003394
0.003444
0.003408
0.003444
0.003412
0.003389
========
0.003426
0.003398
0.003394
0.003459
0.003383
0.003395
0.003428
0.003393
0.003445
0.003415
0.003482
0.003388
0.003435
0.003404
0.003390
0.003409
0.003403
0.003418
========
0.003399
0.003403
0.003388
0.003396
0.003381
0.003474
0.003379
0.003407
0.003401
0.003404
0.003418
0.003382
0.003524
0.003409
0.003400
0.003400
0.003413
0.003406
========
0.003454
0.003407
0.003426
0.003422
0.003405
0.003401
0.003416
0.003425
0.003395
0.003414
0.003403
0.003400
0.003406
0.003399
0.003456
0.003384
0.003391
0.003404
========
0.003405
0.003399
0.003443
0.003379
0.003402
0.003379
0.003389
0.003443
0.003480
0.003516
0.003529
0.003455
0.003409
0.003430
0.003406
0.003399
0.003449
0.003398
========
0.003760
0.003342
0.003452
0.003421
0.003373
0.003397
0.003412
0.003404
0.003367
0.003398
0.003418
0.003402
0.003389
0.003395
0.003410
0.003385
0.003404
0.003442
0.003420
========
0.003436
0.003425
0.003431
0.003428
0.003396
0.003406
0.003412
0.003414
0.003407
0.003415
0.003397
0.003397
0.003410
0.003379
0.003383
0.003399
0.003470
0.003409
========
0.003404
0.003399
0.003396
0.003411
0.003395
0.003405
0.003477
0.003402
0.003402
0.003396
0.003445
0.003400
0.003401
0.003444
0.003394
0.003449
0.003418
========
0.003486
0.003421
0.003396
0.003405
0.003411
0.003391
0.003680
0.003131
0.003369
0.003399
0.003407
0.003394
0.003400
0.003415
0.003393
0.003407
0.003398
0.003401
========
0.003410
0.003395
0.003395
0.003406
0.003406
0.003826
0.003375
0.003399
0.003439
0.003392
0.003406
0.003415
0.003401
0.003391
0.003418
0.003412
0.003394
0.003417
========
0.003405
0.003428
0.003385
0.003405
0.003438
0.003404
0.003403
0.003403
0.003391
0.003406
0.003394
0.003609
0.003385
0.003409
0.003402
0.003404
0.003431
0.003394
0.003395
========
0.003401
0.003422
0.003414
0.003417
0.003421
0.003395
0.003402
0.003416
0.003402
0.003398
0.003415
0.003431
0.003395
0.003433
0.003387
0.003402
0.003412
0.003397
========
0.003418
0.003400
0.003406
0.003400
0.003407
0.003407
0.003404
0.003434
0.003397
0.003396
0.003405
0.003400
0.003399
0.003396
0.003398
0.003401
0.003390
========
0.003267
0.003389
0.003412
0.003388
0.003404
0.003409
0.003398
0.003397
0.003415
0.003393
0.003399
0.003426
0.003403
0.003399
0.003413
0.003415
0.003404
0.003404
0.003395
========
0.003441
0.003394
0.003397
0.003399
0.003398
0.003404
0.003386
0.003416
0.003395
0.003397
0.003398
0.003398
0.003404
0.003391
0.003452
0.003402
0.003404
0.003492
========
0.003407
0.003411
0.003473
0.003390
0.003414
0.003419
0.003389
0.003423
0.003408
0.003488
0.003411
0.003385
0.003399
0.003399
0.003397
0.003395
0.003466
0.003402
========
0.003407
0.003395
0.003630
0.003374
0.003402
0.003391
0.003396
0.003403
0.003394
0.003401
0.003400
0.003435
0.003396
0.003392
0.003431
0.003395
0.003430
0.003405
0.003398
========
0.003424
0.003407
0.003397
0.003415
0.003406
0.003406
0.003403
0.003379
0.003394
0.003397
0.003400
0.003391
0.003396
0.003391
0.003405
0.003430
0.003395
========
0.003401
0.003399
0.003398
0.003386
0.003392
0.003390
0.003485
0.003402
0.003408
0.003360
0.003398
0.003405
0.003403
0.003416
0.003460
0.003660
0.003400
0.003399
========
0.003398
0.003409
0.003401
0.003399
0.003401
0.003754
0.003322
0.003631
0.003096
0.003185
0.003396
0.003392
0.003394
0.003401
0.003717
0.003396
0.003401
0.003413
========
0.003453
0.003320
0.003494
0.003393
0.003705
0.003432
0.003407
0.003479
0.003390
0.003399
0.003400
0.003396
0.003400
0.003396
0.003491
0.003385
0.003391
0.003402
========
0.003404
0.003390
0.003452
0.003401
0.003395
0.003399
0.003394
0.003403
0.003404
0.003421
0.003387
0.003415
0.003479
0.003395
0.003650
0.003449
0.003425
0.003396
========
0.003402
0.003382
0.003407
0.003394
0.003467
0.003399
0.003390
0.003397
0.003400
0.003397
0.003423
0.003447
0.003398
0.003399
0.003393
0.003396
0.003412
0.003391
========
0.003411
0.003484
0.003393
0.003397
0.003400
0.003397
0.003421
0.003404
0.003393
0.003438
0.003469
0.003400
0.003421
0.003405
0.003391
0.003403
0.003392
0.003399
========
0.003438
0.003430
0.003407
0.003389
0.003401
0.003397
0.003400
0.003399
0.003423
0.003615
0.003400
0.003398
0.003392
0.003401
0.003408
0.003395
0.003394
0.003393
0.003714
========
0.003404
0.003398
0.003414
0.003384
0.003396
0.003419
0.003410
0.003407
0.003413
0.003399
0.003398
0.003395
0.003395
0.003394
0.003397
0.003386
0.003435
0.003404
========
0.003402
0.003394
0.003394
0.003399
0.003404
0.003391
0.003405
0.003395
0.003390
0.003414
0.003392
0.003457
0.003396
0.003397
0.003400
0.003789
0.003263
0.003395
========
0.003495
0.003399
0.003422
0.003389
0.003436
0.003679
0.003319
0.003314
0.003322
0.003275
0.003399
0.003481
0.003369
0.003363
0.003322
0.003317
0.003499
0.003450
========
0.003492
0.003447
0.003420
0.003472
0.003176
0.003408
0.003442
0.003424
0.003427
0.003414
0.003447
0.003279
0.003433
0.003420
0.003314
0.003458
0.003433
0.003485
========
0.003398
0.003454
0.003742
0.003436
0.003403
0.003473
0.003428
0.003409
0.003428
0.003405
0.003425
0.003403
0.003466
0.003433
0.003318
0.003322
0.003316
0.003371
========
0.003548
0.003376
0.003316
0.003493
0.003200
0.003409
0.003418
0.003548
0.003426
0.003427
0.003416
0.003408
0.003437
0.003373
0.003453
0.003428
0.003406
0.003426
========
0.003444
0.003314
0.003476
0.003453
0.003429
0.003432
0.003408
0.003408
0.003405
0.003460
0.003371
0.003412
0.003403
0.003406
0.003336
0.003357
0.003440
========
0.003406
0.003458
0.003409
0.003426
0.003426
0.003437
0.003429
0.003427
0.003413
0.003420
0.003372
0.003422
0.003435
0.003441
0.003426
0.003442
0.003454
0.003643
========
0.003454
0.003318
0.003318
0.003322
0.003356
0.003364
0.003417
0.003406
0.003410
0.003363
0.003317
0.003313
0.003325
0.003320
0.003443
0.003274
0.003415
0.003417
========
0.003482
0.003435
0.003442
0.003425
0.003428
0.003404
0.003372
0.003424
0.003399
0.003467
0.003428
0.003403
0.003430
0.003425
0.003407
0.003400
0.003443
0.003429
========
0.003472
0.003417
0.003407
0.003426
0.003407
0.003419
0.003351
0.003398
0.003495
0.003398
0.003318
0.003416
0.003359
0.003408
0.003444
0.003433
0.003428
0.003635
========
0.003369
0.003433
0.003455
0.003370
0.003426
0.003379
0.003419
0.003419
0.003438
0.003316
0.003460
0.003373
0.003315
0.003395
0.003434
0.003404
0.003414
0.003395
========
0.003445
0.003406
0.003416
0.003497
0.003282
0.003405
0.003385
0.003434
0.003486
0.003446
0.003418
0.003320
0.003436
0.003381
0.003420
0.003423
0.003360
0.003481
========
0.003436
0.003468
0.003376
0.003372
0.003436
0.003400
0.003416
0.003469
0.003440
0.003429
0.003700
0.003715
0.003149
0.003334
0.003389
0.003500
0.003255
0.003439
========
0.003491
0.003297
0.003396
0.003401
0.003398
0.003443
0.003318
0.003450
0.003313
0.003409
0.003419
0.003420
0.003403
0.003398
0.003511
0.003247
0.003395
0.003449
========
0.003448
0.003391
0.003475
0.003264
0.003413
0.003405
0.003454
0.003444
0.003423
0.003505
0.003347
0.003376
0.003430
0.003411
0.003411
0.003450
0.003404
0.003247
0.003522
========
0.003445
0.003436
0.003441
0.003439
0.003406
0.003403
0.003432
0.003443
0.003448
0.003371
0.003414
0.003356
0.003353
0.003432
0.003443
0.003431
0.003439
========
0.003405
0.003428
0.003411
0.003403
0.003377
0.003387
0.003520
0.003335
0.003393
0.003464
0.003361
0.003362
0.003455
0.003480
0.003426
0.003427
0.003405
0.003418
========
0.003371
0.003444
0.003445
0.003428
0.003414
0.003414
0.003696
0.003096
0.003285
0.003406
0.003391
0.003426
0.003398
0.003414
0.003698
0.003435
0.003407
0.003335
0.003363
0.003319
========
0.003682
0.003469
0.003434
0.003399
0.003361
0.003393
0.003440
0.003432
0.003404
0.003400
0.003423
0.003356
0.003318
0.003442
0.003368
0.003317
0.003315
0.003315
========
0.003405
0.003317
0.003387
0.003411
0.003476
0.003314
0.003438
0.003373
0.003370
0.003318
0.003427
0.003408
0.003411
0.003407
0.003368
0.003319
0.003432
========
0.003220
0.003389
0.003491
0.003433
0.003418
0.003427
0.003436
0.003430
0.003427
0.003405
0.003405
0.003409
0.003411
0.003434
0.003432
0.003398
0.003440
0.003453
0.003428
========
0.003454
0.003354
0.003363
0.003360
0.003318
0.003372
0.003419
0.003445
0.003432
0.003429
0.003438
0.003430
0.003372
0.003358
0.003430
0.003415
0.003402
0.003452
========
0.003458
0.003420
0.003374
0.003317
0.003787
0.003401
0.003363
0.003451
0.003443
0.003416
0.003398
0.003392
0.003407
0.003459
0.003320
0.003314
0.003476
0.003431
========
0.003412
0.003433
0.003413
0.003400
0.003361
0.003535
0.003245
0.003434
0.003326
0.003492
0.003401
0.003693
0.003414
0.003464
0.003265
0.003429
0.003674
0.003088
========
0.003402
0.003468
0.003323
0.003392
0.003417
0.003390
0.003496
0.003424
0.003418
0.003269
0.003543
0.003406
0.003368
0.003365
0.003457
0.003471
0.003222
0.003393
========
0.003408
0.003402
0.003447
0.003544
0.003269
0.003525
0.003356
0.003320
0.003436
0.003404
0.003481
0.003324
0.003387
0.003443
0.003424
0.003447
0.003368
0.003483
========
0.003437
0.003468
0.003367
0.003316
0.003468
0.003529
0.003312
0.003426
0.003429
0.003403
0.003411
0.003366
0.003466
0.003249
0.003398
0.003443
0.003432
0.003362
0.003404
========
0.003780
0.003456
0.003427
0.003372
0.003409
0.003388
0.003523
0.003427
0.003369
0.003319
0.003423
0.003407
0.003370
0.003477
0.003391
0.003321
0.003414
0.003400
========
0.003476
0.003469
0.003397
0.003400
0.003396
0.003407
0.003414
0.003314
0.003538
0.003374
0.003362
0.003507
0.003386
0.003449
0.003426
0.003443
0.003428
========
0.003438
0.003321
0.003401
0.003403
0.003678
0.003450
0.003429
0.003401
0.003425
0.003399
0.003706
0.003112
0.003250
0.003392
0.003426
0.003400
0.003441
0.003431
========
0.003471
0.003367
0.003396
0.003395
0.003286
0.003388
0.003407
0.003375
0.003418
0.003436
0.003318
0.003411
0.003437
0.003409
0.003431
0.003431
0.003440
0.003432
========
0.003308
0.003436
0.003426
0.003390
0.003408
0.003462
0.003428
0.003406
0.003416
0.003409
0.003398
0.003419
0.003359
0.003439
0.003448
0.003448
0.003420
0.003436
0.003331
========
0.003407
0.003402
0.003430
0.003314
0.003320
0.003498
0.003448
0.003438
0.003442
0.003438
0.003429
0.003431
0.003438
0.003312
0.003430
0.003434
0.003316
0.003461
========
0.003409
0.003456
0.003408
0.003404
0.003421
0.003402
0.003418
0.003399
0.003390
0.003402
0.003470
0.003409
0.003424
0.003269
0.003490
0.003450
0.003421
========
0.003525
0.003404
0.003370
0.003435
0.003441
0.003428
0.003421
0.003376
0.003407
0.003478
0.003247
0.003396
0.003496
0.003427
0.003419
0.003657
0.003446
0.003544
0.003453
========
0.003403
0.003498
0.003541
0.003762
0.003563
0.003607
0.003434
0.003440
0.003469
0.003483
0.003456
0.003450
0.003499
0.003432
0.003460
0.003522
0.003561
========
0.003495
0.003450
0.003655
0.003413
0.003465
0.003516
0.003466
0.003454
0.003605
0.003497
0.003511
0.003560
0.003576
0.003404
0.003318
0.003511
0.003516
0.003509
========
0.003581
0.003483
0.003432
0.003510
0.003541
0.003573
0.003815
0.003152
0.003341
0.003519
0.003513
0.003533
0.003458
0.003483
0.003519
0.003565
0.003532
0.003404
0.003224
========
0.003292
0.003394
0.003397
0.003429
0.003396
0.003394
0.003425
0.003394
0.003406
0.003486
0.003262
0.003394
0.003414
0.003399
0.003395
0.003469
0.003313
0.003368
========
0.003402
0.003368
0.003419
0.003372
0.003357
0.003469
0.003429
0.003415
0.003412
0.003601
0.003145
0.003381
0.003457
0.003324
0.003312
0.003361
0.003357
0.003364
========
0.003485
0.003242
0.003392
0.003431
0.003313
0.003423
0.003765
0.003488
0.003412
0.003429
0.003409
0.003445
0.003441
0.003428
0.003416
0.003413
0.003369
0.003351
========
0.003410
0.003499
0.003684
0.003096
0.003206
0.003406
0.003416
0.003406
0.003394
0.003416
0.003392
0.003398
0.003403
0.003482
0.003265
0.003375
0.003502
0.003381
========
0.003430
0.003396
0.003406
0.003413
0.003467
0.003402
0.003436
0.003372
0.003315
0.003432
0.003402
0.003434
0.003452
0.003428
0.003423
0.003416
0.003316
0.003319
========
0.003366
0.003318
0.003438
0.003372
0.003364
0.003361
0.003468
0.003429
0.003369
0.003324
0.003317
0.003326
0.003399
0.003509
0.003434
0.003404
0.003446
0.003430
0.003425
========
0.003446
0.003429
0.003467
0.003442
0.003411
0.003431
0.003406
0.003415
0.003428
0.003403
0.003412
0.003429
0.003414
0.003315
0.003365
0.003316
0.003352
0.003424
========
0.003450
0.003317
0.003462
0.003429
0.003413
0.003374
0.003311
0.003322
0.003391
0.003472
0.003417
0.003371
0.003445
0.003431
0.003451
0.003456
0.003695
========
0.003453
0.003323
0.003364
0.003424
0.003393
0.003401
0.003410
0.003311
0.003364
0.003316
0.003361
0.003321
0.003493
0.003429
0.003424
0.003428
0.003369
0.003359
========
0.003532
0.003314
0.003317
0.003362
0.003314
0.003327
0.003431
0.003520
0.003389
0.003387
0.003494
0.003319
0.003413
0.003423
0.003457
0.003428
0.003427
0.003408
========
0.003481
0.003356
0.003443
0.003449
0.003425
0.003427
0.003431
0.003410
0.003401
0.003406
0.003314
0.003359
0.003423
0.003371
0.003320
0.003414
0.003460
0.003432
0.003447
========
0.003398
0.003239
0.003390
0.003572
0.003426
0.003419
0.003430
0.003367
0.003372
0.003318
0.003451
0.003427
0.003430
0.003426
0.003408
0.003434
0.003370
0.003437
========
0.003403
0.003416
0.003411
0.003372
0.003319
0.003452
0.003435
0.003372
0.003433
0.004536
0.003157
0.003100
0.003096
0.003131
0.003090
0.003088
0.003260
0.003359
========
0.003365
0.003315
0.003354
0.003475
0.003265
0.003364
0.003358
0.003357
0.003616
0.003373
0.003359
0.003359
0.003387
0.003354
0.003358
0.003379
0.003357
0.003360
0.003375
========
0.003411
0.003483
0.003360
0.003392
0.003393
0.003357
0.003364
0.003605
0.003382
0.003383
0.003386
0.003497
0.003384
0.003389
0.003381
0.003494
0.003364
========
0.003372
0.003652
0.003364
0.003451
0.003383
0.003471
0.003366
0.003372
0.003366
0.003557
0.003392
0.003738
0.003411
0.003392
0.003380
0.003393
0.003380
0.003379
========
0.003395
0.003379
0.003387
0.003390
0.003380
0.003389
0.003402
0.003378
0.003381
0.003381
0.003386
0.003387
0.003386
0.003403
0.003369
0.003354
0.003410
0.003386
0.003410
========
0.003403
0.003270
0.003728
0.003393
0.003382
0.003386
0.003395
0.003385
0.003416
0.003371
0.003462
0.003390
0.003384
0.003377
0.003624
0.003382
0.003378
0.003421
========
0.003368
0.003426
0.003436
0.003407
0.003385
0.003387
0.003378
